AH00558: apache2: Could not reliably determine the server's fully qualified domain name, using 172.28.0.3. Set the 'ServerName' directive globally to suppress this message
[Fri Oct 08 05:08:43.179909 2021] [mpm_prefork:notice] [pid 1] AH00163: Apache/2.4.48 (Debian) PHP/7.4.24 configured -- resuming normal operations
[Fri Oct 08 05:08:43.181336 2021] [core:notice] [pid 1] AH00094: Command line: 'apache2 -D FOREGROUND'
[Fri Oct 08 05:08:57.261326 2021] [autoindex:error] [pid 17] [client 172.28.0.1:61956] AH01276: Cannot serve directory /var/www/html/80/: No matching DirectoryIndex (index.php,index.html) found, and server-generated directory index forbidden by Options directive
[Fri Oct 08 05:08:58.590492 2021] [autoindex:error] [pid 17] [client 172.28.0.1:61956] AH01276: Cannot serve directory /var/www/html/80/: No matching DirectoryIndex (index.php,index.html) found, and server-generated directory index forbidden by Options directive
[Fri Oct 08 05:08:59.537000 2021] [autoindex:error] [pid 17] [client 172.28.0.1:61956] AH01276: Cannot serve directory /var/www/html/80/: No matching DirectoryIndex (index.php,index.html) found, and server-generated directory index forbidden by Options directive
[Fri Oct 08 05:09:07.857065 2021] [mpm_prefork:notice] [pid 1] AH00170: caught SIGWINCH, shutting down gracefully
AH00558: apache2: Could not reliably determine the server's fully qualified domain name, using 172.28.0.3. Set the 'ServerName' directive globally to suppress this message
[Fri Oct 08 05:09:09.705231 2021] [mpm_prefork:notice] [pid 1] AH00163: Apache/2.4.48 (Debian) PHP/7.4.24 configured -- resuming normal operations
[Fri Oct 08 05:09:09.706501 2021] [core:notice] [pid 1] AH00094: Command line: 'apache2 -D FOREGROUND'
[Fri Oct 08 05:11:12.359742 2021] [mpm_prefork:notice] [pid 1] AH00170: caught SIGWINCH, shutting down gracefully
AH00558: apache2: Could not reliably determine the server's fully qualified domain name, using 172.28.0.3. Set the 'ServerName' directive globally to suppress this message
[Fri Oct 08 05:14:37.138296 2021] [mpm_prefork:notice] [pid 1] AH00163: Apache/2.4.48 (Debian) PHP/7.4.24 configured -- resuming normal operations
[Fri Oct 08 05:14:37.140282 2021] [core:notice] [pid 1] AH00094: Command line: 'apache2 -D FOREGROUND'
[Fri Oct 08 05:15:39.637105 2021] [mpm_prefork:notice] [pid 1] AH00170: caught SIGWINCH, shutting down gracefully
AH00558: apache2: Could not reliably determine the server's fully qualified domain name, using 172.28.0.3. Set the 'ServerName' directive globally to suppress this message
[Fri Oct 08 05:15:41.439973 2021] [mpm_prefork:notice] [pid 1] AH00163: Apache/2.4.48 (Debian) PHP/7.4.24 configured -- resuming normal operations
[Fri Oct 08 05:15:41.442649 2021] [core:notice] [pid 1] AH00094: Command line: 'apache2 -D FOREGROUND'
[Fri Oct 08 05:18:39.382784 2021] [mpm_prefork:notice] [pid 1] AH00170: caught SIGWINCH, shutting down gracefully
AH00558: apache2: Could not reliably determine the server's fully qualified domain name, using 172.29.0.3. Set the 'ServerName' directive globally to suppress this message
[Fri Oct 08 05:19:04.662169 2021] [mpm_prefork:notice] [pid 1] AH00163: Apache/2.4.48 (Debian) PHP/7.4.24 configured -- resuming normal operations
[Fri Oct 08 05:19:04.663755 2021] [core:notice] [pid 1] AH00094: Command line: 'apache2 -D FOREGROUND'
[Fri Oct 08 06:22:10.331580 2021] [mpm_prefork:notice] [pid 1] AH00170: caught SIGWINCH, shutting down gracefully
AH00558: apache2: Could not reliably determine the server's fully qualified domain name, using 172.30.0.2. Set the 'ServerName' directive globally to suppress this message
[Fri Oct 08 06:22:17.330051 2021] [mpm_prefork:notice] [pid 1] AH00163: Apache/2.4.48 (Debian) PHP/7.4.24 configured -- resuming normal operations
[Fri Oct 08 06:22:17.331124 2021] [core:notice] [pid 1] AH00094: Command line: 'apache2 -D FOREGROUND'
[Fri Oct 08 06:24:26.325246 2021] [mpm_prefork:notice] [pid 1] AH00170: caught SIGWINCH, shutting down gracefully
AH00558: apache2: Could not reliably determine the server's fully qualified domain name, using 172.31.0.2. Set the 'ServerName' directive globally to suppress this message
[Fri Oct 08 06:24:54.359239 2021] [mpm_prefork:notice] [pid 1] AH00163: Apache/2.4.48 (Debian) PHP/7.4.24 configured -- resuming normal operations
[Fri Oct 08 06:24:54.360338 2021] [core:notice] [pid 1] AH00094: Command line: 'apache2 -D FOREGROUND'
[Fri Oct 08 06:26:42.127271 2021] [mpm_prefork:notice] [pid 1] AH00170: caught SIGWINCH, shutting down gracefully
AH00558: apache2: Could not reliably determine the server's fully qualified domain name, using 192.168.0.2. Set the 'ServerName' directive globally to suppress this message
[Fri Oct 08 06:27:09.707061 2021] [mpm_prefork:notice] [pid 1] AH00163: Apache/2.4.48 (Debian) PHP/7.4.24 configured -- resuming normal operations
[Fri Oct 08 06:27:09.707920 2021] [core:notice] [pid 1] AH00094: Command line: 'apache2 -D FOREGROUND'
[Fri Oct 08 06:29:54.976915 2021] [mpm_prefork:notice] [pid 1] AH00170: caught SIGWINCH, shutting down gracefully
AH00558: apache2: Could not reliably determine the server's fully qualified domain name, using 192.168.16.2. Set the 'ServerName' directive globally to suppress this message
[Fri Oct 08 06:30:26.784250 2021] [mpm_prefork:notice] [pid 1] AH00163: Apache/2.4.48 (Debian) PHP/7.4.24 configured -- resuming normal operations
[Fri Oct 08 06:30:26.785611 2021] [core:notice] [pid 1] AH00094: Command line: 'apache2 -D FOREGROUND'
[Fri Oct 08 06:31:06.680130 2021] [mpm_prefork:notice] [pid 1] AH00169: caught SIGTERM, shutting down
AH00558: apache2: Could not reliably determine the server's fully qualified domain name, using 192.168.32.2. Set the 'ServerName' directive globally to suppress this message
[Fri Oct 08 06:31:51.744788 2021] [mpm_prefork:notice] [pid 1] AH00163: Apache/2.4.48 (Debian) PHP/7.4.24 configured -- resuming normal operations
[Fri Oct 08 06:31:51.753197 2021] [core:notice] [pid 1] AH00094: Command line: 'apache2 -D FOREGROUND'
[Fri Oct 08 06:36:15.751970 2021] [mpm_prefork:notice] [pid 1] AH00170: caught SIGWINCH, shutting down gracefully
AH00558: apache2: Could not reliably determine the server's fully qualified domain name, using 192.168.48.3. Set the 'ServerName' directive globally to suppress this message
[Fri Oct 08 06:36:20.981447 2021] [mpm_prefork:notice] [pid 1] AH00163: Apache/2.4.48 (Debian) PHP/7.4.24 configured -- resuming normal operations
[Fri Oct 08 06:36:20.982341 2021] [core:notice] [pid 1] AH00094: Command line: 'apache2 -D FOREGROUND'
[Fri Oct 08 06:36:34.347094 2021] [mpm_prefork:notice] [pid 1] AH00170: caught SIGWINCH, shutting down gracefully
AH00558: apache2: Could not reliably determine the server's fully qualified domain name, using 192.168.80.2. Set the 'ServerName' directive globally to suppress this message
[Fri Oct 08 06:37:00.805570 2021] [mpm_prefork:notice] [pid 1] AH00163: Apache/2.4.48 (Debian) PHP/7.4.24 configured -- resuming normal operations
[Fri Oct 08 06:37:00.806894 2021] [core:notice] [pid 1] AH00094: Command line: 'apache2 -D FOREGROUND'
[Fri Oct 08 06:38:36.510259 2021] [mpm_prefork:notice] [pid 1] AH00170: caught SIGWINCH, shutting down gracefully
AH00558: apache2: Could not reliably determine the server's fully qualified domain name, using 192.168.96.2. Set the 'ServerName' directive globally to suppress this message
[Fri Oct 08 06:38:41.941499 2021] [mpm_prefork:notice] [pid 1] AH00163: Apache/2.4.48 (Debian) PHP/7.4.24 configured -- resuming normal operations
[Fri Oct 08 06:38:41.945107 2021] [core:notice] [pid 1] AH00094: Command line: 'apache2 -D FOREGROUND'
[Fri Oct 08 06:39:36.877846 2021] [mpm_prefork:notice] [pid 1] AH00170: caught SIGWINCH, shutting down gracefully
AH00558: apache2: Could not reliably determine the server's fully qualified domain name, using 192.168.112.2. Set the 'ServerName' directive globally to suppress this message
[Fri Oct 08 06:39:42.288071 2021] [mpm_prefork:notice] [pid 1] AH00163: Apache/2.4.48 (Debian) PHP/7.4.24 configured -- resuming normal operations
[Fri Oct 08 06:39:42.288907 2021] [core:notice] [pid 1] AH00094: Command line: 'apache2 -D FOREGROUND'
[Fri Oct 08 06:40:00.040120 2021] [mpm_prefork:notice] [pid 1] AH00170: caught SIGWINCH, shutting down gracefully
AH00558: apache2: Could not reliably determine the server's fully qualified domain name, using 192.168.128.2. Set the 'ServerName' directive globally to suppress this message
[Fri Oct 08 06:40:27.068534 2021] [mpm_prefork:notice] [pid 1] AH00163: Apache/2.4.48 (Debian) PHP/7.4.24 configured -- resuming normal operations
[Fri Oct 08 06:40:27.070399 2021] [core:notice] [pid 1] AH00094: Command line: 'apache2 -D FOREGROUND'
[Fri Oct 08 06:44:18.241222 2021] [mpm_prefork:notice] [pid 1] AH00170: caught SIGWINCH, shutting down gracefully
AH00558: apache2: Could not reliably determine the server's fully qualified domain name, using 192.168.176.2. Set the 'ServerName' directive globally to suppress this message
[Fri Oct 08 06:50:08.309170 2021] [mpm_prefork:notice] [pid 1] AH00163: Apache/2.4.48 (Debian) PHP/7.4.24 configured -- resuming normal operations
[Fri Oct 08 06:50:08.312052 2021] [core:notice] [pid 1] AH00094: Command line: 'apache2 -D FOREGROUND'
[Fri Oct 08 06:52:26.229204 2021] [mpm_prefork:notice] [pid 1] AH00170: caught SIGWINCH, shutting down gracefully
AH00112: Warning: DocumentRoot [/var/www/html/8002/public] does not exist
AH00112: Warning: DocumentRoot [/var/www/html/8003/public] does not exist
AH00112: Warning: DocumentRoot [/var/www/html/8004/public] does not exist
AH00112: Warning: DocumentRoot [/var/www/html/8005/public] does not exist
AH00112: Warning: DocumentRoot [/var/www/html/8006/public] does not exist
AH00112: Warning: DocumentRoot [/var/www/html/8007/public] does not exist
AH00112: Warning: DocumentRoot [/var/www/html/8008/public] does not exist
AH00112: Warning: DocumentRoot [/var/www/html/8009/public] does not exist
AH00112: Warning: DocumentRoot [/var/www/html/8010/public] does not exist
AH00558: apache2: Could not reliably determine the server's fully qualified domain name, using 192.168.192.2. Set the 'ServerName' directive globally to suppress this message
[Fri Oct 08 06:52:57.322645 2021] [mpm_prefork:notice] [pid 1] AH00163: Apache/2.4.48 (Debian) PHP/7.4.24 configured -- resuming normal operations
[Fri Oct 08 06:52:57.324445 2021] [core:notice] [pid 1] AH00094: Command line: 'apache2 -D FOREGROUND'
[Fri Oct 08 06:58:01.475274 2021] [mpm_prefork:notice] [pid 1] AH00170: caught SIGWINCH, shutting down gracefully
AH00112: Warning: DocumentRoot [/var/www/html/8002/public] does not exist
AH00112: Warning: DocumentRoot [/var/www/html/8003/public] does not exist
AH00112: Warning: DocumentRoot [/var/www/html/8004/public] does not exist
AH00112: Warning: DocumentRoot [/var/www/html/8005/public] does not exist
AH00112: Warning: DocumentRoot [/var/www/html/8006/public] does not exist
AH00112: Warning: DocumentRoot [/var/www/html/8007/public] does not exist
AH00112: Warning: DocumentRoot [/var/www/html/8008/public] does not exist
AH00112: Warning: DocumentRoot [/var/www/html/8009/public] does not exist
AH00112: Warning: DocumentRoot [/var/www/html/8010/public] does not exist
AH00112: Warning: DocumentRoot [/var/www/html/8011/public] does not exist
AH00112: Warning: DocumentRoot [/var/www/html/8012/public] does not exist
AH00112: Warning: DocumentRoot [/var/www/html/8013/public] does not exist
AH00112: Warning: DocumentRoot [/var/www/html/8014/public] does not exist
AH00112: Warning: DocumentRoot [/var/www/html/8015/public] does not exist
AH00558: apache2: Could not reliably determine the server's fully qualified domain name, using 192.168.208.3. Set the 'ServerName' directive globally to suppress this message
[Fri Oct 08 06:58:30.627748 2021] [mpm_prefork:notice] [pid 1] AH00163: Apache/2.4.48 (Debian) PHP/7.4.24 configured -- resuming normal operations
[Fri Oct 08 06:58:30.628605 2021] [core:notice] [pid 1] AH00094: Command line: 'apache2 -D FOREGROUND'
[Fri Oct 08 07:21:43.706696 2021] [mpm_prefork:notice] [pid 1] AH00170: caught SIGWINCH, shutting down gracefully
AH00558: apache2: Could not reliably determine the server's fully qualified domain name, using 192.168.224.3. Set the 'ServerName' directive globally to suppress this message
[Fri Oct 08 07:22:52.265876 2021] [mpm_prefork:notice] [pid 1] AH00163: Apache/2.4.48 (Debian) PHP/7.4.24 configured -- resuming normal operations
[Fri Oct 08 07:22:52.268741 2021] [core:notice] [pid 1] AH00094: Command line: 'apache2 -D FOREGROUND'
[Fri Oct 08 07:23:41.706790 2021] [auth_basic:error] [pid 18] [client 192.168.224.1:57450] AH01618: user test not found: /
[Fri Oct 08 07:23:47.723404 2021] [auth_basic:error] [pid 19] [client 192.168.224.1:57448] AH01617: user wsc2022: authentication failure for "/": Password Mismatch
[Fri Oct 08 07:25:15.877254 2021] [mpm_prefork:notice] [pid 1] AH00170: caught SIGWINCH, shutting down gracefully
AH00558: apache2: Could not reliably determine the server's fully qualified domain name, using 172.21.0.2. Set the 'ServerName' directive globally to suppress this message
[Fri Oct 08 07:27:40.208995 2021] [mpm_prefork:notice] [pid 1] AH00163: Apache/2.4.48 (Debian) PHP/7.4.24 configured -- resuming normal operations
[Fri Oct 08 07:27:40.211152 2021] [core:notice] [pid 1] AH00094: Command line: 'apache2 -D FOREGROUND'
[Fri Oct 08 07:53:40.061644 2021] [mpm_prefork:notice] [pid 1] AH00170: caught SIGWINCH, shutting down gracefully
AH00558: apache2: Could not reliably determine the server's fully qualified domain name, using 172.22.0.3. Set the 'ServerName' directive globally to suppress this message
[Fri Oct 08 07:54:17.530255 2021] [mpm_prefork:notice] [pid 1] AH00163: Apache/2.4.48 (Debian) PHP/7.4.24 configured -- resuming normal operations
[Fri Oct 08 07:54:17.531464 2021] [core:notice] [pid 1] AH00094: Command line: 'apache2 -D FOREGROUND'
[Fri Oct 08 08:02:43.248366 2021] [mpm_prefork:notice] [pid 1] AH00170: caught SIGWINCH, shutting down gracefully
AH00558: apache2: Could not reliably determine the server's fully qualified domain name, using 172.23.0.2. Set the 'ServerName' directive globally to suppress this message
[Fri Oct 08 08:03:15.489319 2021] [mpm_prefork:notice] [pid 1] AH00163: Apache/2.4.48 (Debian) PHP/7.4.24 configured -- resuming normal operations
[Fri Oct 08 08:03:15.490992 2021] [core:notice] [pid 1] AH00094: Command line: 'apache2 -D FOREGROUND'
[Fri Oct 08 08:12:50.826226 2021] [mpm_prefork:notice] [pid 1] AH00170: caught SIGWINCH, shutting down gracefully
AH00558: apache2: Could not reliably determine the server's fully qualified domain name, using 172.23.0.2. Set the 'ServerName' directive globally to suppress this message
[Fri Oct 08 08:12:54.424992 2021] [mpm_prefork:notice] [pid 1] AH00163: Apache/2.4.48 (Debian) PHP/7.4.24 configured -- resuming normal operations
[Fri Oct 08 08:12:54.426625 2021] [core:notice] [pid 1] AH00094: Command line: 'apache2 -D FOREGROUND'
[Fri Oct 08 08:14:42.381592 2021] [mpm_prefork:notice] [pid 1] AH00170: caught SIGWINCH, shutting down gracefully
AH00558: apache2: Could not reliably determine the server's fully qualified domain name, using 172.23.0.2. Set the 'ServerName' directive globally to suppress this message
[Fri Oct 08 08:14:44.297092 2021] [mpm_prefork:notice] [pid 1] AH00163: Apache/2.4.48 (Debian) PHP/7.4.24 configured -- resuming normal operations
[Fri Oct 08 08:14:44.297971 2021] [core:notice] [pid 1] AH00094: Command line: 'apache2 -D FOREGROUND'
[Fri Oct 08 08:18:18.475886 2021] [mpm_prefork:notice] [pid 1] AH00170: caught SIGWINCH, shutting down gracefully
AH00558: apache2: Could not reliably determine the server's fully qualified domain name, using 172.25.0.2. Set the 'ServerName' directive globally to suppress this message
[Fri Oct 08 08:25:22.991707 2021] [mpm_prefork:notice] [pid 1] AH00163: Apache/2.4.48 (Debian) PHP/7.4.24 configured -- resuming normal operations
[Fri Oct 08 08:25:22.997489 2021] [core:notice] [pid 1] AH00094: Command line: 'apache2 -D FOREGROUND'
[Fri Oct 08 08:28:08.055165 2021] [mpm_prefork:notice] [pid 1] AH00170: caught SIGWINCH, shutting down gracefully
AH00558: apache2: Could not reliably determine the server's fully qualified domain name, using 172.29.0.3. Set the 'ServerName' directive globally to suppress this message
[Fri Oct 08 08:37:44.710645 2021] [mpm_prefork:notice] [pid 1] AH00163: Apache/2.4.48 (Debian) PHP/7.4.24 configured -- resuming normal operations
[Fri Oct 08 08:37:44.715610 2021] [core:notice] [pid 1] AH00094: Command line: 'apache2 -D FOREGROUND'
[Fri Oct 08 08:40:05.922360 2021] [mpm_prefork:notice] [pid 1] AH00170: caught SIGWINCH, shutting down gracefully
AH00558: apache2: Could not reliably determine the server's fully qualified domain name, using 172.29.0.3. Set the 'ServerName' directive globally to suppress this message
[Fri Oct 08 08:40:07.876299 2021] [mpm_prefork:notice] [pid 1] AH00163: Apache/2.4.48 (Debian) PHP/7.4.24 configured -- resuming normal operations
[Fri Oct 08 08:40:07.876923 2021] [core:notice] [pid 1] AH00094: Command line: 'apache2 -D FOREGROUND'
[Fri Oct 08 08:47:51.421002 2021] [mpm_prefork:notice] [pid 1] AH00170: caught SIGWINCH, shutting down gracefully
AH00558: apache2: Could not reliably determine the server's fully qualified domain name, using 172.31.0.2. Set the 'ServerName' directive globally to suppress this message
[Fri Oct 08 09:02:29.375653 2021] [mpm_prefork:notice] [pid 1] AH00163: Apache/2.4.48 (Debian) PHP/7.4.24 configured -- resuming normal operations
[Fri Oct 08 09:02:29.376878 2021] [core:notice] [pid 1] AH00094: Command line: 'apache2 -D FOREGROUND'
